[I 2024-11-29 17:00:22,560] Trial 5 finished with value: 2.4391656344449975 and parameters: {'batch_size': 64, 'num_neurons': 128, 'conv_neurons': 16, 'num_layers': 3, 'drop_out': 0.2187575862578226, 'lr': 0.0018955341875432161, 'epochs': 51}. Best is trial 2 with value: 2.30827213396692.
[I 2024-11-29 17:00:48,758] Trial 6 finished with value: 2.6796566903591157 and parameters: {'batch_size': 128, 'num_neurons': 64, 'conv_neurons': 64, 'num_layers': 2, 'drop_out': 0.2356009039855453, 'lr': 0.00029649901818244235, 'epochs': 87}. Best is trial 2 with value: 2.30827213396692.
[I 2024-11-29 17:00:50,949] Trial 7 finished with value: 2.327723443508148 and parameters: {'batch_size': 128, 'num_neurons': 64, 'conv_neurons': 32, 'num_layers': 3, 'drop_out': 0.37152920738988177, 'lr': 0.002480877059280918, 'epochs': 88}. Best is trial 2 with value: 2.30827213396692.
[I 2024-11-29 17:01:00,197] Trial 9 finished with value: 2.7328672826290132 and parameters: {'batch_size': 128, 'num_neurons': 256, 'conv_neurons': 32, 'num_layers': 2, 'drop_out': 0.3115026443493924, 'lr': 0.0009062673233388795, 'epochs': 95}. Best is trial 2 with value: 2.30827213396692.
[I 2024-11-29 17:01:01,173] Trial 8 finished with value: 2.345726227760315 and parameters: {'batch_size': 128, 'num_neurons': 256, 'conv_neurons': 32, 'num_layers': 3, 'drop_out': 0.48737391147769965, 'lr': 0.004101406016652835, 'epochs': 87}. Best is trial 2 with value: 2.30827213396692.
[I 2024-11-29 17:01:06,375] Trial 1 finished with value: 2.3113553373119498 and parameters: {'batch_size': 64, 'num_neurons': 128, 'conv_neurons': 64, 'num_layers': 4, 'drop_out': 0.3035305052739791, 'lr': 0.0003665303020380749, 'epochs': 93}. Best is trial 2 with value: 2.30827213396692.
[I 2024-11-29 17:01:21,124] Trial 12 finished with value: 2.3228075087070463 and parameters: {'batch_size': 128, 'num_neurons': 256, 'conv_neurons': 32, 'num_layers': 2, 'drop_out': 0.49480103280306276, 'lr': 0.0019036275249374956, 'epochs': 65}. Best is trial 2 with value: 2.30827213396692.
[I 2024-11-29 17:01:25,962] Trial 11 finished with value: 2.310374155166043 and parameters: {'batch_size': 32, 'num_neurons': 256, 'conv_neurons': 16, 'num_layers': 3, 'drop_out': 0.32038868639384155, 'lr': 0.00034681467816542863, 'epochs': 67}. Best is trial 2 with value: 2.30827213396692.
[I 2024-11-29 17:01:30,977] Trial 14 finished with value: 2.3454757313819448 and parameters: {'batch_size': 32, 'num_neurons': 256, 'conv_neurons': 16, 'num_layers': 2, 'drop_out': 0.40693573678322176, 'lr': 0.009537502357593439, 'epochs': 75}. Best is trial 2 with value: 2.30827213396692.
[I 2024-11-29 17:01:44,703] Trial 13 finished with value: 2.401158212106439 and parameters: {'batch_size': 64, 'num_neurons': 64, 'conv_neurons': 32, 'num_layers': 3, 'drop_out': 0.24389754126411706, 'lr': 0.0004888183467521179, 'epochs': 92}. Best is trial 2 with value: 2.30827213396692.
[I 2024-11-29 17:02:12,599] Trial 15 finished with value: 2.31590475853841 and parameters: {'batch_size': 32, 'num_neurons': 64, 'conv_neurons': 32, 'num_layers': 4, 'drop_out': 0.38974019054039677, 'lr': 0.006376544592114018, 'epochs': 60}. Best is trial 2 with value: 2.30827213396692.
[I 2024-11-29 17:02:17,574] Trial 16 finished with value: 2.303862826839374 and parameters: {'batch_size': 32, 'num_neurons': 64, 'conv_neurons': 32, 'num_layers': 4, 'drop_out': 0.3880451761479395, 'lr': 0.007063418883344222, 'epochs': 55}. Best is trial 16 with value: 2.303862826839374.
[I 2024-11-29 17:02:17,932] Trial 10 finished with value: 2.3027950932707966 and parameters: {'batch_size': 64, 'num_neurons': 64, 'conv_neurons': 64, 'num_layers': 4, 'drop_out': 0.28965012336117485, 'lr': 0.009676006170981157, 'epochs': 97}. Best is trial 10 with value: 2.3027950932707966.
[I 2024-11-29 17:02:19,935] Trial 17 finished with value: 2.3056058914038786 and parameters: {'batch_size': 32, 'num_neurons': 64, 'conv_neurons': 32, 'num_layers': 4, 'drop_out': 0.27729979449689773, 'lr': 0.00010438492504188776, 'epochs': 56}. Best is trial 10 with value: 2.3027950932707966.
[I 2024-11-29 17:02:24,584] Trial 18 finished with value: 2.307902975446859 and parameters: {'batch_size': 32, 'num_neurons': 64, 'conv_neurons': 32, 'num_layers': 4, 'drop_out': 0.2702673359028297, 'lr': 0.00012091057286864328, 'epochs': 57}. Best is trial 10 with value: 2.3027950932707966.
[I 2024-11-29 17:02:37,770] Trial 19 finished with value: 2.3076039529909753 and parameters: {'batch_size': 32, 'num_neurons': 128, 'conv_neurons': 32, 'num_layers': 4, 'drop_out': 0.2725942196730869, 'lr': 0.00012880564014529445, 'epochs': 81}. Best is trial 10 with value: 2.3027950932707966.
Best trial for 10 samples: {'batch_size': 64, 'num_neurons': 64, 'conv_neurons': 64, 'num_layers': 4, 'drop_out': 0.28965012336117485, 'lr': 0.009676006170981157, 'epochs': 97}

Starting hyperparameter search for 50 samples per class...
[I 2024-11-29 17:02:37,773] A new study created in memory with name: no-name-ee1e4662-d5f5-4f98-ae4e-c09036eb245d
[I 2024-11-29 17:03:41,511] Trial 3 finished with value: 2.302580588980566 and parameters: {'batch_size': 64, 'num_neurons': 256, 'conv_neurons': 16, 'num_layers': 2, 'drop_out': 0.306375743436759, 'lr': 0.004682212963088405, 'epochs': 51}. Best is trial 3 with value: 2.302580588980566.
[I 2024-11-29 17:04:42,226] Trial 4 finished with value: 1.7864634335041045 and parameters: {'batch_size': 128, 'num_neurons': 64, 'conv_neurons': 64, 'num_layers': 2, 'drop_out': 0.23855312625736877, 'lr': 0.00040262581635415896, 'epochs': 63}. Best is trial 4 with value: 1.7864634335041045.
[I 2024-11-29 17:05:24,103] Trial 1 finished with value: 2.20353008987038 and parameters: {'batch_size': 32, 'num_neurons': 128, 'conv_neurons': 32, 'num_layers': 2, 'drop_out': 0.3942603604515921, 'lr': 0.00010749601487966949, 'epochs': 76}. Best is trial 4 with value: 1.7864634335041045.
[I 2024-11-29 17:05:44,561] Trial 2 finished with value: 2.3026581112342543 and parameters: {'batch_size': 64, 'num_neurons': 64, 'conv_neurons': 32, 'num_layers': 4, 'drop_out': 0.27165130457848635, 'lr': 0.005812334434832251, 'epochs': 75}. Best is trial 4 with value: 1.7864634335041045.
[I 2024-11-29 17:05:55,490] Trial 5 finished with value: 2.118914302391342 and parameters: {'batch_size': 64, 'num_neurons': 256, 'conv_neurons': 64, 'num_layers': 2, 'drop_out': 0.4459954288472598, 'lr': 0.0002675625367873687, 'epochs': 56}. Best is trial 4 with value: 1.7864634335041045.
[I 2024-11-29 17:05:56,229] Trial 0 finished with value: 1.9112850617451274 and parameters: {'batch_size': 32, 'num_neurons': 256, 'conv_neurons': 16, 'num_layers': 3, 'drop_out': 0.30527698670814885, 'lr': 0.0002916738110147028, 'epochs': 89}. Best is trial 4 with value: 1.7864634335041045.
Using downloaded and verified file: ./data/train_32x32.mat
Using downloaded and verified file: ./data/test_32x32.mat

Starting hyperparameter search for 4000 samples per class...
[I 2024-11-29 17:08:04,582] A new study created in memory with name: no-name-3581ee90-606d-4504-bcaf-b84848651962
/Users/samirgupta/Desktop/WORK/AGRIMA_WORK/Agrima_AML_final_project/src/04_hp_search_MCDO_SVHN_sample_changing.py:107: FutureWarning: suggest_uniform has been deprecated in v3.0.0. This feature will be removed in v6.0.0. See https://github.com/optuna/optuna/releases/tag/v3.0.0. Use suggest_float instead.
  drop_out = trial.suggest_uniform('drop_out', 0.2, 0.5)
/Users/samirgupta/Desktop/WORK/AGRIMA_WORK/Agrima_AML_final_project/src/04_hp_search_MCDO_SVHN_sample_changing.py:108: FutureWarning: suggest_loguniform has been deprecated in v3.0.0. This feature will be removed in v6.0.0. See https://github.com/optuna/optuna/releases/tag/v3.0.0. Use suggest_float(..., log=True) instead.
  learning_rate = trial.suggest_loguniform('lr', 1e-4, 1e-2)
