[I 2024-11-29 22:12:46,349] A new study created in memory with name: no-name-d8be9f05-af5a-4fd4-ba2d-dc5019438a69
/home/samir/WORK/AGRIMA_WORK/AML_final_project/src_deep_ensemble/04_hp_search_DE_SVHN_sample_change.py:114: FutureWarning: suggest_loguniform has been deprecated in v3.0.0. This feature will be removed in v6.0.0. See https://github.com/optuna/optuna/releases/tag/v3.0.0. Use suggest_float(..., log=True) instead.
  learning_rate = trial.suggest_loguniform('lr', 1e-4, 1e-2)
[W 2024-11-29 22:13:19,931] Trial 2 failed with parameters: {'batch_size': 64, 'num_neurons': 128, 'conv_neurons': 32, 'num_layers': 3, 'lr': 0.0004772313061658861, 'epochs': 91} because of the following error: RuntimeError('Input type (torch.cuda.FloatTensor) and weight type (torch.FloatTensor) should be the same').
Traceback (most recent call last):
  File "/home/samir/WORK/AGRIMA_WORK/AML_final_project/venv/lib/python3.10/site-packages/optuna/study/_optimize.py", line 197, in _run_trial
    value_or_values = func(trial)
  File "/home/samir/WORK/AGRIMA_WORK/AML_final_project/src_deep_ensemble/04_hp_search_DE_SVHN_sample_change.py", line 181, in <lambda>
    study.optimize(lambda trial: objective(trial, size, trainset, valset, device, results_dir), n_trials=20, n_jobs=5)
  File "/home/samir/WORK/AGRIMA_WORK/AML_final_project/src_deep_ensemble/04_hp_search_DE_SVHN_sample_change.py", line 138, in objective
    ensemble.train(trainloader, nn.CrossEntropyLoss(), optimizers, epochs, device)
  File "/home/samir/WORK/AGRIMA_WORK/AML_final_project/src_deep_ensemble/04_hp_search_DE_SVHN_sample_change.py", line 71, in train
    outputs = model(inputs)
  File "/home/samir/WORK/AGRIMA_WORK/AML_final_project/venv/lib/python3.10/site-packages/torch/nn/modules/module.py", line 1532, in _wrapped_call_impl
    return self._call_impl(*args, **kwargs)
  File "/home/samir/WORK/AGRIMA_WORK/AML_final_project/venv/lib/python3.10/site-packages/torch/nn/modules/module.py", line 1541, in _call_impl
    return forward_call(*args, **kwargs)
  File "/home/samir/WORK/AGRIMA_WORK/AML_final_project/src_deep_ensemble/04_hp_search_DE_SVHN_sample_change.py", line 52, in forward
    x = layer(x)
  File "/home/samir/WORK/AGRIMA_WORK/AML_final_project/venv/lib/python3.10/site-packages/torch/nn/modules/module.py", line 1532, in _wrapped_call_impl
    return self._call_impl(*args, **kwargs)
  File "/home/samir/WORK/AGRIMA_WORK/AML_final_project/venv/lib/python3.10/site-packages/torch/nn/modules/module.py", line 1541, in _call_impl
    return forward_call(*args, **kwargs)
  File "/home/samir/WORK/AGRIMA_WORK/AML_final_project/venv/lib/python3.10/site-packages/torch/nn/modules/conv.py", line 460, in forward
    return self._conv_forward(input, self.weight, self.bias)
  File "/home/samir/WORK/AGRIMA_WORK/AML_final_project/venv/lib/python3.10/site-packages/torch/nn/modules/conv.py", line 456, in _conv_forward
    return F.conv2d(input, weight, bias, self.stride,
RuntimeError: Input type (torch.cuda.FloatTensor) and weight type (torch.FloatTensor) should be the same
[W 2024-11-29 22:13:19,936] Trial 2 failed with value None.
[W 2024-11-29 22:13:19,986] Trial 0 failed with parameters: {'batch_size': 128, 'num_neurons': 64, 'conv_neurons': 64, 'num_layers': 4, 'lr': 0.0031133822166875794, 'epochs': 83} because of the following error: RuntimeError('Input type (torch.cuda.FloatTensor) and weight type (torch.FloatTensor) should be the same').
Traceback (most recent call last):
  File "/home/samir/WORK/AGRIMA_WORK/AML_final_project/venv/lib/python3.10/site-packages/optuna/study/_optimize.py", line 197, in _run_trial
    value_or_values = func(trial)
  File "/home/samir/WORK/AGRIMA_WORK/AML_final_project/src_deep_ensemble/04_hp_search_DE_SVHN_sample_change.py", line 181, in <lambda>
    study.optimize(lambda trial: objective(trial, size, trainset, valset, device, results_dir), n_trials=20, n_jobs=5)
  File "/home/samir/WORK/AGRIMA_WORK/AML_final_project/src_deep_ensemble/04_hp_search_DE_SVHN_sample_change.py", line 138, in objective
    ensemble.train(trainloader, nn.CrossEntropyLoss(), optimizers, epochs, device)
  File "/home/samir/WORK/AGRIMA_WORK/AML_final_project/src_deep_ensemble/04_hp_search_DE_SVHN_sample_change.py", line 71, in train
    outputs = model(inputs)
  File "/home/samir/WORK/AGRIMA_WORK/AML_final_project/venv/lib/python3.10/site-packages/torch/nn/modules/module.py", line 1532, in _wrapped_call_impl
    return self._call_impl(*args, **kwargs)
  File "/home/samir/WORK/AGRIMA_WORK/AML_final_project/venv/lib/python3.10/site-packages/torch/nn/modules/module.py", line 1541, in _call_impl
    return forward_call(*args, **kwargs)
  File "/home/samir/WORK/AGRIMA_WORK/AML_final_project/src_deep_ensemble/04_hp_search_DE_SVHN_sample_change.py", line 52, in forward
    x = layer(x)
  File "/home/samir/WORK/AGRIMA_WORK/AML_final_project/venv/lib/python3.10/site-packages/torch/nn/modules/module.py", line 1532, in _wrapped_call_impl
    return self._call_impl(*args, **kwargs)
  File "/home/samir/WORK/AGRIMA_WORK/AML_final_project/venv/lib/python3.10/site-packages/torch/nn/modules/module.py", line 1541, in _call_impl
    return forward_call(*args, **kwargs)
  File "/home/samir/WORK/AGRIMA_WORK/AML_final_project/venv/lib/python3.10/site-packages/torch/nn/modules/conv.py", line 460, in forward
    return self._conv_forward(input, self.weight, self.bias)
  File "/home/samir/WORK/AGRIMA_WORK/AML_final_project/venv/lib/python3.10/site-packages/torch/nn/modules/conv.py", line 456, in _conv_forward
    return F.conv2d(input, weight, bias, self.stride,
RuntimeError: Input type (torch.cuda.FloatTensor) and weight type (torch.FloatTensor) should be the same
[W 2024-11-29 22:13:19,986] Trial 0 failed with value None.
[W 2024-11-29 22:13:20,005] Trial 1 failed with parameters: {'batch_size': 32, 'num_neurons': 128, 'conv_neurons': 64, 'num_layers': 4, 'lr': 0.0006663882232735514, 'epochs': 89} because of the following error: RuntimeError('Input type (torch.cuda.FloatTensor) and weight type (torch.FloatTensor) should be the same').
Traceback (most recent call last):
  File "/home/samir/WORK/AGRIMA_WORK/AML_final_project/venv/lib/python3.10/site-packages/optuna/study/_optimize.py", line 197, in _run_trial
    value_or_values = func(trial)
  File "/home/samir/WORK/AGRIMA_WORK/AML_final_project/src_deep_ensemble/04_hp_search_DE_SVHN_sample_change.py", line 181, in <lambda>
    study.optimize(lambda trial: objective(trial, size, trainset, valset, device, results_dir), n_trials=20, n_jobs=5)
  File "/home/samir/WORK/AGRIMA_WORK/AML_final_project/src_deep_ensemble/04_hp_search_DE_SVHN_sample_change.py", line 138, in objective
    ensemble.train(trainloader, nn.CrossEntropyLoss(), optimizers, epochs, device)
  File "/home/samir/WORK/AGRIMA_WORK/AML_final_project/src_deep_ensemble/04_hp_search_DE_SVHN_sample_change.py", line 71, in train
    outputs = model(inputs)
  File "/home/samir/WORK/AGRIMA_WORK/AML_final_project/venv/lib/python3.10/site-packages/torch/nn/modules/module.py", line 1532, in _wrapped_call_impl
    return self._call_impl(*args, **kwargs)
  File "/home/samir/WORK/AGRIMA_WORK/AML_final_project/venv/lib/python3.10/site-packages/torch/nn/modules/module.py", line 1541, in _call_impl
    return forward_call(*args, **kwargs)
  File "/home/samir/WORK/AGRIMA_WORK/AML_final_project/src_deep_ensemble/04_hp_search_DE_SVHN_sample_change.py", line 52, in forward
    x = layer(x)
  File "/home/samir/WORK/AGRIMA_WORK/AML_final_project/venv/lib/python3.10/site-packages/torch/nn/modules/module.py", line 1532, in _wrapped_call_impl
    return self._call_impl(*args, **kwargs)
  File "/home/samir/WORK/AGRIMA_WORK/AML_final_project/venv/lib/python3.10/site-packages/torch/nn/modules/module.py", line 1541, in _call_impl
    return forward_call(*args, **kwargs)
  File "/home/samir/WORK/AGRIMA_WORK/AML_final_project/venv/lib/python3.10/site-packages/torch/nn/modules/conv.py", line 460, in forward
    return self._conv_forward(input, self.weight, self.bias)
  File "/home/samir/WORK/AGRIMA_WORK/AML_final_project/venv/lib/python3.10/site-packages/torch/nn/modules/conv.py", line 456, in _conv_forward
    return F.conv2d(input, weight, bias, self.stride,
RuntimeError: Input type (torch.cuda.FloatTensor) and weight type (torch.FloatTensor) should be the same
[W 2024-11-29 22:13:20,005] Trial 1 failed with value None.
[W 2024-11-29 22:13:20,013] Trial 4 failed with parameters: {'batch_size': 64, 'num_neurons': 64, 'conv_neurons': 16, 'num_layers': 3, 'lr': 0.008432681074333747, 'epochs': 92} because of the following error: RuntimeError('Input type (torch.cuda.FloatTensor) and weight type (torch.FloatTensor) should be the same').
Traceback (most recent call last):
  File "/home/samir/WORK/AGRIMA_WORK/AML_final_project/venv/lib/python3.10/site-packages/optuna/study/_optimize.py", line 197, in _run_trial
    value_or_values = func(trial)
  File "/home/samir/WORK/AGRIMA_WORK/AML_final_project/src_deep_ensemble/04_hp_search_DE_SVHN_sample_change.py", line 181, in <lambda>
    study.optimize(lambda trial: objective(trial, size, trainset, valset, device, results_dir), n_trials=20, n_jobs=5)
  File "/home/samir/WORK/AGRIMA_WORK/AML_final_project/src_deep_ensemble/04_hp_search_DE_SVHN_sample_change.py", line 138, in objective
    ensemble.train(trainloader, nn.CrossEntropyLoss(), optimizers, epochs, device)
  File "/home/samir/WORK/AGRIMA_WORK/AML_final_project/src_deep_ensemble/04_hp_search_DE_SVHN_sample_change.py", line 71, in train
    outputs = model(inputs)
  File "/home/samir/WORK/AGRIMA_WORK/AML_final_project/venv/lib/python3.10/site-packages/torch/nn/modules/module.py", line 1532, in _wrapped_call_impl
    return self._call_impl(*args, **kwargs)
  File "/home/samir/WORK/AGRIMA_WORK/AML_final_project/venv/lib/python3.10/site-packages/torch/nn/modules/module.py", line 1541, in _call_impl
    return forward_call(*args, **kwargs)
  File "/home/samir/WORK/AGRIMA_WORK/AML_final_project/src_deep_ensemble/04_hp_search_DE_SVHN_sample_change.py", line 52, in forward
    x = layer(x)
  File "/home/samir/WORK/AGRIMA_WORK/AML_final_project/venv/lib/python3.10/site-packages/torch/nn/modules/module.py", line 1532, in _wrapped_call_impl
    return self._call_impl(*args, **kwargs)
  File "/home/samir/WORK/AGRIMA_WORK/AML_final_project/venv/lib/python3.10/site-packages/torch/nn/modules/module.py", line 1541, in _call_impl
    return forward_call(*args, **kwargs)
  File "/home/samir/WORK/AGRIMA_WORK/AML_final_project/venv/lib/python3.10/site-packages/torch/nn/modules/conv.py", line 460, in forward
    return self._conv_forward(input, self.weight, self.bias)
  File "/home/samir/WORK/AGRIMA_WORK/AML_final_project/venv/lib/python3.10/site-packages/torch/nn/modules/conv.py", line 456, in _conv_forward
    return F.conv2d(input, weight, bias, self.stride,
RuntimeError: Input type (torch.cuda.FloatTensor) and weight type (torch.FloatTensor) should be the same
[W 2024-11-29 22:13:20,013] Trial 4 failed with value None.
[W 2024-11-29 22:13:20,020] Trial 3 failed with parameters: {'batch_size': 64, 'num_neurons': 256, 'conv_neurons': 16, 'num_layers': 4, 'lr': 0.0019285340595105954, 'epochs': 66} because of the following error: RuntimeError('Input type (torch.cuda.FloatTensor) and weight type (torch.FloatTensor) should be the same').
Traceback (most recent call last):
  File "/home/samir/WORK/AGRIMA_WORK/AML_final_project/venv/lib/python3.10/site-packages/optuna/study/_optimize.py", line 197, in _run_trial
    value_or_values = func(trial)
  File "/home/samir/WORK/AGRIMA_WORK/AML_final_project/src_deep_ensemble/04_hp_search_DE_SVHN_sample_change.py", line 181, in <lambda>
    study.optimize(lambda trial: objective(trial, size, trainset, valset, device, results_dir), n_trials=20, n_jobs=5)
  File "/home/samir/WORK/AGRIMA_WORK/AML_final_project/src_deep_ensemble/04_hp_search_DE_SVHN_sample_change.py", line 138, in objective
    ensemble.train(trainloader, nn.CrossEntropyLoss(), optimizers, epochs, device)
  File "/home/samir/WORK/AGRIMA_WORK/AML_final_project/src_deep_ensemble/04_hp_search_DE_SVHN_sample_change.py", line 71, in train
    outputs = model(inputs)
  File "/home/samir/WORK/AGRIMA_WORK/AML_final_project/venv/lib/python3.10/site-packages/torch/nn/modules/module.py", line 1532, in _wrapped_call_impl
    return self._call_impl(*args, **kwargs)
  File "/home/samir/WORK/AGRIMA_WORK/AML_final_project/venv/lib/python3.10/site-packages/torch/nn/modules/module.py", line 1541, in _call_impl
    return forward_call(*args, **kwargs)
  File "/home/samir/WORK/AGRIMA_WORK/AML_final_project/src_deep_ensemble/04_hp_search_DE_SVHN_sample_change.py", line 52, in forward
    x = layer(x)
  File "/home/samir/WORK/AGRIMA_WORK/AML_final_project/venv/lib/python3.10/site-packages/torch/nn/modules/module.py", line 1532, in _wrapped_call_impl
    return self._call_impl(*args, **kwargs)
  File "/home/samir/WORK/AGRIMA_WORK/AML_final_project/venv/lib/python3.10/site-packages/torch/nn/modules/module.py", line 1541, in _call_impl
    return forward_call(*args, **kwargs)
  File "/home/samir/WORK/AGRIMA_WORK/AML_final_project/venv/lib/python3.10/site-packages/torch/nn/modules/conv.py", line 460, in forward
    return self._conv_forward(input, self.weight, self.bias)
  File "/home/samir/WORK/AGRIMA_WORK/AML_final_project/venv/lib/python3.10/site-packages/torch/nn/modules/conv.py", line 456, in _conv_forward
    return F.conv2d(input, weight, bias, self.stride,
RuntimeError: Input type (torch.cuda.FloatTensor) and weight type (torch.FloatTensor) should be the same
[W 2024-11-29 22:13:20,020] Trial 3 failed with value None.
Using downloaded and verified file: ./data/train_32x32.mat
Using downloaded and verified file: ./data/test_32x32.mat

Starting hyperparameter search for 4000 samples per class...
Traceback (most recent call last):
  File "/home/samir/WORK/AGRIMA_WORK/AML_final_project/src_deep_ensemble/04_hp_search_DE_SVHN_sample_change.py", line 181, in <module>
    study.optimize(lambda trial: objective(trial, size, trainset, valset, device, results_dir), n_trials=20, n_jobs=5)
  File "/home/samir/WORK/AGRIMA_WORK/AML_final_project/venv/lib/python3.10/site-packages/optuna/study/study.py", line 475, in optimize
    _optimize(
  File "/home/samir/WORK/AGRIMA_WORK/AML_final_project/venv/lib/python3.10/site-packages/optuna/study/_optimize.py", line 100, in _optimize
    f.result()
  File "/usr/lib/python3.10/concurrent/futures/_base.py", line 451, in result
    return self.__get_result()
  File "/usr/lib/python3.10/concurrent/futures/_base.py", line 403, in __get_result
    raise self._exception
  File "/usr/lib/python3.10/concurrent/futures/thread.py", line 58, in run
    result = self.fn(*self.args, **self.kwargs)
  File "/home/samir/WORK/AGRIMA_WORK/AML_final_project/venv/lib/python3.10/site-packages/optuna/study/_optimize.py", line 160, in _optimize_sequential
    frozen_trial = _run_trial(study, func, catch)
  File "/home/samir/WORK/AGRIMA_WORK/AML_final_project/venv/lib/python3.10/site-packages/optuna/study/_optimize.py", line 248, in _run_trial
    raise func_err
  File "/home/samir/WORK/AGRIMA_WORK/AML_final_project/venv/lib/python3.10/site-packages/optuna/study/_optimize.py", line 197, in _run_trial
    value_or_values = func(trial)
  File "/home/samir/WORK/AGRIMA_WORK/AML_final_project/src_deep_ensemble/04_hp_search_DE_SVHN_sample_change.py", line 181, in <lambda>
    study.optimize(lambda trial: objective(trial, size, trainset, valset, device, results_dir), n_trials=20, n_jobs=5)
  File "/home/samir/WORK/AGRIMA_WORK/AML_final_project/src_deep_ensemble/04_hp_search_DE_SVHN_sample_change.py", line 138, in objective
    ensemble.train(trainloader, nn.CrossEntropyLoss(), optimizers, epochs, device)
  File "/home/samir/WORK/AGRIMA_WORK/AML_final_project/src_deep_ensemble/04_hp_search_DE_SVHN_sample_change.py", line 71, in train
    outputs = model(inputs)
  File "/home/samir/WORK/AGRIMA_WORK/AML_final_project/venv/lib/python3.10/site-packages/torch/nn/modules/module.py", line 1532, in _wrapped_call_impl
    return self._call_impl(*args, **kwargs)
  File "/home/samir/WORK/AGRIMA_WORK/AML_final_project/venv/lib/python3.10/site-packages/torch/nn/modules/module.py", line 1541, in _call_impl
    return forward_call(*args, **kwargs)
  File "/home/samir/WORK/AGRIMA_WORK/AML_final_project/src_deep_ensemble/04_hp_search_DE_SVHN_sample_change.py", line 52, in forward
    x = layer(x)
  File "/home/samir/WORK/AGRIMA_WORK/AML_final_project/venv/lib/python3.10/site-packages/torch/nn/modules/module.py", line 1532, in _wrapped_call_impl
    return self._call_impl(*args, **kwargs)
  File "/home/samir/WORK/AGRIMA_WORK/AML_final_project/venv/lib/python3.10/site-packages/torch/nn/modules/module.py", line 1541, in _call_impl
    return forward_call(*args, **kwargs)
  File "/home/samir/WORK/AGRIMA_WORK/AML_final_project/venv/lib/python3.10/site-packages/torch/nn/modules/conv.py", line 460, in forward
    return self._conv_forward(input, self.weight, self.bias)
  File "/home/samir/WORK/AGRIMA_WORK/AML_final_project/venv/lib/python3.10/site-packages/torch/nn/modules/conv.py", line 456, in _conv_forward
    return F.conv2d(input, weight, bias, self.stride,
RuntimeError: Input type (torch.cuda.FloatTensor) and weight type (torch.FloatTensor) should be the same
[I 2024-11-29 22:14:41,857] A new study created in memory with name: no-name-b2d27d3d-f852-4445-a18d-2fc2ecfbbb5f
/home/samir/WORK/AGRIMA_WORK/AML_final_project/src_deep_ensemble/04_hp_search_DE_SVHN_sample_change.py:114: FutureWarning: suggest_loguniform has been deprecated in v3.0.0. This feature will be removed in v6.0.0. See https://github.com/optuna/optuna/releases/tag/v3.0.0. Use suggest_float(..., log=True) instead.
  learning_rate = trial.suggest_loguniform('lr', 1e-4, 1e-2)
[W 2024-11-29 22:14:43,471] Trial 0 failed with parameters: {'batch_size': 128, 'num_neurons': 64, 'conv_neurons': 64, 'num_layers': 4, 'lr': 0.00303753465601325, 'epochs': 92} because of the following error: RuntimeError('Input type (torch.cuda.FloatTensor) and weight type (torch.FloatTensor) should be the same').
Traceback (most recent call last):
  File "/home/samir/WORK/AGRIMA_WORK/AML_final_project/venv/lib/python3.10/site-packages/optuna/study/_optimize.py", line 197, in _run_trial
    value_or_values = func(trial)
  File "/home/samir/WORK/AGRIMA_WORK/AML_final_project/src_deep_ensemble/04_hp_search_DE_SVHN_sample_change.py", line 181, in <lambda>
    study.optimize(lambda trial: objective(trial, size, trainset, valset, device, results_dir), n_trials=20, n_jobs=5)
  File "/home/samir/WORK/AGRIMA_WORK/AML_final_project/src_deep_ensemble/04_hp_search_DE_SVHN_sample_change.py", line 138, in objective
    ensemble.train(trainloader, nn.CrossEntropyLoss(), optimizers, epochs, device)
  File "/home/samir/WORK/AGRIMA_WORK/AML_final_project/src_deep_ensemble/04_hp_search_DE_SVHN_sample_change.py", line 71, in train
    outputs = model(inputs)
  File "/home/samir/WORK/AGRIMA_WORK/AML_final_project/venv/lib/python3.10/site-packages/torch/nn/modules/module.py", line 1532, in _wrapped_call_impl
    return self._call_impl(*args, **kwargs)
  File "/home/samir/WORK/AGRIMA_WORK/AML_final_project/venv/lib/python3.10/site-packages/torch/nn/modules/module.py", line 1541, in _call_impl
    return forward_call(*args, **kwargs)
  File "/home/samir/WORK/AGRIMA_WORK/AML_final_project/src_deep_ensemble/04_hp_search_DE_SVHN_sample_change.py", line 52, in forward
    x = layer(x)
  File "/home/samir/WORK/AGRIMA_WORK/AML_final_project/venv/lib/python3.10/site-packages/torch/nn/modules/module.py", line 1532, in _wrapped_call_impl
    return self._call_impl(*args, **kwargs)
  File "/home/samir/WORK/AGRIMA_WORK/AML_final_project/venv/lib/python3.10/site-packages/torch/nn/modules/module.py", line 1541, in _call_impl
    return forward_call(*args, **kwargs)
  File "/home/samir/WORK/AGRIMA_WORK/AML_final_project/venv/lib/python3.10/site-packages/torch/nn/modules/conv.py", line 460, in forward
    return self._conv_forward(input, self.weight, self.bias)
  File "/home/samir/WORK/AGRIMA_WORK/AML_final_project/venv/lib/python3.10/site-packages/torch/nn/modules/conv.py", line 456, in _conv_forward
    return F.conv2d(input, weight, bias, self.stride,
RuntimeError: Input type (torch.cuda.FloatTensor) and weight type (torch.FloatTensor) should be the same
[W 2024-11-29 22:14:43,472] Trial 0 failed with value None.
[W 2024-11-29 22:14:43,479] Trial 1 failed with parameters: {'batch_size': 32, 'num_neurons': 64, 'conv_neurons': 32, 'num_layers': 3, 'lr': 0.00015574572300557383, 'epochs': 89} because of the following error: RuntimeError('Input type (torch.cuda.FloatTensor) and weight type (torch.FloatTensor) should be the same').
Traceback (most recent call last):
  File "/home/samir/WORK/AGRIMA_WORK/AML_final_project/venv/lib/python3.10/site-packages/optuna/study/_optimize.py", line 197, in _run_trial
    value_or_values = func(trial)
  File "/home/samir/WORK/AGRIMA_WORK/AML_final_project/src_deep_ensemble/04_hp_search_DE_SVHN_sample_change.py", line 181, in <lambda>
    study.optimize(lambda trial: objective(trial, size, trainset, valset, device, results_dir), n_trials=20, n_jobs=5)
  File "/home/samir/WORK/AGRIMA_WORK/AML_final_project/src_deep_ensemble/04_hp_search_DE_SVHN_sample_change.py", line 138, in objective
    ensemble.train(trainloader, nn.CrossEntropyLoss(), optimizers, epochs, device)
  File "/home/samir/WORK/AGRIMA_WORK/AML_final_project/src_deep_ensemble/04_hp_search_DE_SVHN_sample_change.py", line 71, in train
    outputs = model(inputs)
  File "/home/samir/WORK/AGRIMA_WORK/AML_final_project/venv/lib/python3.10/site-packages/torch/nn/modules/module.py", line 1532, in _wrapped_call_impl
    return self._call_impl(*args, **kwargs)
  File "/home/samir/WORK/AGRIMA_WORK/AML_final_project/venv/lib/python3.10/site-packages/torch/nn/modules/module.py", line 1541, in _call_impl
    return forward_call(*args, **kwargs)
  File "/home/samir/WOR